<?xml version="1.0" encoding="UTF-8"?>
<!-- Generated by org.testng.reporters.JUnitReportReporter -->
<testsuite name="jenkinsTrial.jenkinsTrial.JenkinsGoogle" tests="1" time="9.371" ignored="0" failures="0" timestamp="06 Aug 2020 01:56:36 GMT" skipped="0" hostname="LAPTOP-JVNL5G83" errors="0">
  <testcase name="googleTitle" time="9.371" classname="jenkinsTrial.jenkinsTrial.JenkinsGoogle"/>
</testsuite> <!-- jenkinsTrial.jenkinsTrial.JenkinsGoogle -->
